#
# There is insufficient memory for the Java Runtime Environment to continue.
# Native memory allocation (malloc) failed to allocate 855216 bytes for Chunk::new
# Possible reasons:
#   The system is out of physical RAM or swap space
#   The process is running with CompressedOops enabled, and the Java Heap may be blocking the growth of the native heap
# Possible solutions:
#   Reduce memory load on the system
#   Increase physical memory or swap space
#   Check if swap backing store is full
#   Decrease Java heap size (-Xmx/-Xms)
#   Decrease number of Java threads
#   Decrease Java thread stack sizes (-Xss)
#   Set larger code cache with -XX:ReservedCodeCacheSize=
#   JVM is running with Unscaled Compressed Oops mode in which the Java heap is
#     placed in the first 4GB address space. The Java Heap base address is the
#     maximum limit for the native heap growth. Please use -XX:HeapBaseMinAddress
#     to set the Java Heap base and to place the Java Heap above 4GB virtual address.
# This output file may be truncated or incomplete.
#
#  Out of Memory Error (allocation.cpp:389), pid=11488, tid=0x0000000000000218
#
# JRE version: OpenJDK Runtime Environment (8.0_212-b04) (build 1.8.0_212-release-1586-b04)
# Java VM: OpenJDK 64-Bit Server VM (25.212-b04 mixed mode windows-amd64 compressed oops)
# Failed to write core dump. Minidumps are not enabled by default on client versions of Windows
#

---------------  T H R E A D  ---------------

Current thread (0x000000001631d800):  JavaThread "C2 CompilerThread0" daemon [_thread_in_native, id=536, stack(0x0000000017960000,0x0000000017a60000)]

Stack: [0x0000000017960000,0x0000000017a60000]
[error occurred during error reporting (printing stack bounds), id 0xc0000005]

Native frames: (J=compiled Java code, j=interpreted, Vv=VM code, C=native code)


Current CompileTask:
C2:  65837 9425   !   4       java.io.ObjectOutputStream::writeObject0 (619 bytes)


---------------  P R O C E S S  ---------------

Java Threads: ( => current thread )
  0x000000001d198000 JavaThread "WorkerExecutor Queue Thread 4" [_thread_blocked, id=12920, stack(0x0000000023df0000,0x0000000023ef0000)]
  0x000000001d19e000 JavaThread "WorkerExecutor Queue Thread 3" [_thread_blocked, id=13652, stack(0x00000000238f0000,0x00000000239f0000)]
  0x000000001d196800 JavaThread "WorkerExecutor Queue Thread 2" [_thread_blocked, id=684, stack(0x00000000237f0000,0x00000000238f0000)]
  0x000000001d19d800 JavaThread "WorkerExecutor Queue" [_thread_blocked, id=12960, stack(0x00000000236f0000,0x00000000237f0000)]
  0x000000001d19c000 JavaThread "Cache worker for Java compile cache (C:\Users\Harshita\.gradle\caches\5.6.4\javaCompile)" [_thread_blocked, id=8664, stack(0x0000000022ef0000,0x0000000022ff0000)]
  0x000000001d18f800 JavaThread "Cache worker for file content cache (C:\Users\Harshita\.gradle\caches\5.6.4\fileContent)" [_thread_blocked, id=10376, stack(0x0000000021df0000,0x0000000021ef0000)]
  0x000000001d194800 JavaThread "Memory manager" [_thread_blocked, id=11016, stack(0x0000000021cf0000,0x0000000021df0000)]
  0x000000001d196000 JavaThread "pool-1-thread-1" [_thread_in_native, id=13256, stack(0x000000001fe20000,0x000000001ff20000)]
  0x000000001d193000 JavaThread "Build operations Thread 4" [_thread_blocked, id=8108, stack(0x000000001f920000,0x000000001fa20000)]
  0x000000001d191800 JavaThread "Build operations Thread 3" [_thread_blocked, id=7008, stack(0x000000001f820000,0x000000001f920000)]
  0x000000001d190800 JavaThread "Build operations Thread 2" [_thread_blocked, id=2252, stack(0x000000001f720000,0x000000001f820000)]
  0x000000001d195000 JavaThread "Build operations" [_thread_blocked, id=11028, stack(0x000000001f620000,0x000000001f720000)]
  0x0000000019dc0000 JavaThread "Cache worker for execution history cache (C:\Users\Harshita\.gradle\caches\5.6.4\executionHistory)" [_thread_blocked, id=3588, stack(0x000000001f320000,0x000000001f420000)]
  0x0000000019dbb800 JavaThread "Cache worker for journal cache (C:\Users\Harshita\.gradle\caches\journal-1)" [_thread_blocked, id=6628, stack(0x000000001c180000,0x000000001c280000)]
  0x0000000019dbd800 JavaThread "File lock request listener" [_thread_in_native, id=2792, stack(0x000000001bf80000,0x000000001c080000)]
  0x0000000019ca1000 JavaThread "Cache worker for file hash cache (C:\Users\Harshita\.gradle\caches\5.6.4\fileHashes)" [_thread_blocked, id=14328, stack(0x000000001be80000,0x000000001bf80000)]
  0x0000000019cdc000 JavaThread "Thread-9" [_thread_blocked, id=7692, stack(0x000000001bb80000,0x000000001bc80000)]
  0x0000000019cdb000 JavaThread "Asynchronous log dispatcher for DefaultDaemonConnection: socket connection from /127.0.0.1:50539 to /127.0.0.1:50540" [_thread_blocked, id=7628, stack(0x000000001b980000,0x000000001ba80000)]
  0x0000000019cd9800 JavaThread "Daemon worker" [_thread_in_native, id=10020, stack(0x000000001b880000,0x000000001b980000)]
  0x0000000019ccd000 JavaThread "Cancel handler" [_thread_blocked, id=1940, stack(0x000000001b780000,0x000000001b880000)]
  0x0000000019c6b000 JavaThread "Handler for socket connection from /127.0.0.1:50539 to /127.0.0.1:50540" [_thread_in_native, id=6564, stack(0x000000001b480000,0x000000001b580000)]
  0x0000000019c62000 JavaThread "Daemon" [_thread_blocked, id=13896, stack(0x000000001b380000,0x000000001b480000)]
  0x0000000019c01800 JavaThread "Daemon periodic checks" [_thread_blocked, id=13648, stack(0x000000001b280000,0x000000001b380000)]
  0x0000000019c00000 JavaThread "Incoming local TCP Connector on port 50539" [_thread_in_native, id=13780, stack(0x000000001b040000,0x000000001b140000)]
  0x0000000019ae5000 JavaThread "Daemon health stats" [_thread_blocked, id=400, stack(0x000000001aa00000,0x000000001ab00000)]
  0x0000000017c8b800 JavaThread "Service Thread" daemon [_thread_blocked, id=4880, stack(0x0000000018060000,0x0000000018160000)]
  0x0000000016349800 JavaThread "C1 CompilerThread2" daemon [_thread_blocked, id=11036, stack(0x0000000017b60000,0x0000000017c60000)]
  0x0000000016321000 JavaThread "C2 CompilerThread1" daemon [_thread_blocked, id=5688, stack(0x0000000017a60000,0x0000000017b60000)]
=>0x000000001631d800 JavaThread "C2 CompilerThread0" daemon [_thread_in_native, id=536, stack(0x0000000017960000,0x0000000017a60000)]
  0x000000001631c800 JavaThread "Attach Listener" daemon [_thread_blocked, id=11144, stack(0x0000000017860000,0x0000000017960000)]
  0x000000001631b000 JavaThread "Signal Dispatcher" daemon [_thread_blocked, id=13976, stack(0x0000000017760000,0x0000000017860000)]
  0x00000000029ab800 JavaThread "Finalizer" daemon [_thread_blocked, id=2816, stack(0x0000000017570000,0x0000000017670000)]
  0x00000000029a2000 JavaThread "Reference Handler" daemon [_thread_blocked, id=4028, stack(0x0000000017470000,0x0000000017570000)]
  0x0000000000e5e000 JavaThread "main" [_thread_blocked, id=12908, stack(0x0000000002740000,0x0000000002840000)]

Other Threads:
  0x00000000162e5800 VMThread [stack: 0x0000000017370000,0x0000000017470000] [id=3240]
  0x0000000017c8c800 WatcherThread [stack: 0x0000000018160000,0x0000000018260000] [id=2572]

VM state:not at safepoint (normal execution)

VM Mutex/Monitor currently owned by a thread: None

OutOfMemory and StackOverflow Exception counts:
OutOfMemoryError java_heap_errors=1

heap address: 0x00000000a0000000, size: 1536 MB, Compressed Oops mode: 32-bit
Narrow klass base: 0x0000000000000000, Narrow klass shift: 3
Compressed class space size: 1073741824 Address: 0x0000000100000000

Heap:
 PSYoungGen      total 199168K, used 160158K [0x00000000e0000000, 0x00000000efb00000, 0x0000000100000000)
  eden space 177152K, 80% used [0x00000000e0000000,0x00000000e8b98178,0x00000000ead00000)
  from space 22016K, 78% used [0x00000000ead00000,0x00000000ebdcf818,0x00000000ec280000)
  to   space 24064K, 0% used [0x00000000ee380000,0x00000000ee380000,0x00000000efb00000)
 ParOldGen       total 97280K, used 37642K [0x00000000a0000000, 0x00000000a5f00000, 0x00000000e0000000)
  object space 97280K, 38% used [0x00000000a0000000,0x00000000a24c2ab0,0x00000000a5f00000)
 Metaspace       used 76202K, capacity 79320K, committed 79576K, reserved 1118208K
  class space    used 10493K, capacity 11144K, committed 11264K, reserved 1048576K

Card table byte_map: [0x0000000011d70000,0x0000000012080000] byte_map_base: 0x0000000011870000

Marking Bits: (ParMarkBitMap*) 0x0000000067f99f30
 Begin Bits: [0x0000000012680000, 0x0000000013e80000)
 End Bits:   [0x0000000013e80000, 0x0000000015680000)

Polling page: 0x0000000000e60000

CodeCache: size=245760Kb used=26125Kb max_used=26730Kb free=219634Kb
 bounds [0x00000000029b0000, 0x00000000043f0000, 0x00000000119b0000]
 total_blobs=9055 nmethods=8193 adapters=776
 compilation: enabled

Compilation events (10 events):
Event: 65.688 Thread 0x0000000016349800 nmethod 9433 0x0000000002ac8390 code [0x0000000002ac84e0, 0x0000000002ac8690]
Event: 65.689 Thread 0x0000000016349800 9434       3       java.util.concurrent.SynchronousQueue$TransferStack::shouldSpin (30 bytes)
Event: 65.690 Thread 0x0000000016349800 nmethod 9434 0x0000000002eb0b10 code [0x0000000002eb0c80, 0x0000000002eb0f70]
Event: 65.691 Thread 0x0000000016349800 9435       3       java.util.concurrent.ConcurrentLinkedQueue$Itr::next (20 bytes)
Event: 65.692 Thread 0x0000000016349800 nmethod 9435 0x0000000003420950 code [0x0000000003420ac0, 0x0000000003420d38]
Event: 65.725 Thread 0x0000000016321000 9436       4       java.util.HashMap::removeNode (291 bytes)
Event: 65.725 Thread 0x0000000016349800 9437       2       java.util.HashMap::remove (26 bytes)
Event: 65.725 Thread 0x0000000016349800 nmethod 9437 0x0000000002c83d10 code [0x0000000002c83e80, 0x0000000002c84098]
Event: 65.729 Thread 0x0000000016349800 9438  s!   3       org.gradle.internal.concurrent.CompositeStoppable::stop (123 bytes)
Event: 65.732 Thread 0x0000000016349800 nmethod 9438 0x0000000003f55350 code [0x0000000003f55700, 0x0000000003f578b8]

GC Heap History (10 events):
Event: 26.698 GC heap before
{Heap before GC invocations=12 (full 2):
 PSYoungGen      total 156672K, used 10709K [0x00000000e0000000, 0x00000000ea880000, 0x0000000100000000)
  eden space 145920K, 0% used [0x00000000e0000000,0x00000000e0000000,0x00000000e8e80000)
  from space 10752K, 99% used [0x00000000e9e00000,0x00000000ea875798,0x00000000ea880000)
  to   space 13312K, 0% used [0x00000000e8e80000,0x00000000e8e80000,0x00000000e9b80000)
 ParOldGen       total 37376K, used 12505K [0x00000000a0000000, 0x00000000a2480000, 0x00000000e0000000)
  object space 37376K, 33% used [0x00000000a0000000,0x00000000a0c36788,0x00000000a2480000)
 Metaspace       used 34597K, capacity 35382K, committed 35456K, reserved 1079296K
  class space    used 4752K, capacity 4964K, committed 4992K, reserved 1048576K
Event: 26.781 GC heap after
Heap after GC invocations=12 (full 2):
 PSYoungGen      total 156672K, used 0K [0x00000000e0000000, 0x00000000ea880000, 0x0000000100000000)
  eden space 145920K, 0% used [0x00000000e0000000,0x00000000e0000000,0x00000000e8e80000)
  from space 10752K, 0% used [0x00000000e9e00000,0x00000000e9e00000,0x00000000ea880000)
  to   space 13312K, 0% used [0x00000000e8e80000,0x00000000e8e80000,0x00000000e9b80000)
 ParOldGen       total 58880K, used 17388K [0x00000000a0000000, 0x00000000a3980000, 0x00000000e0000000)
  object space 58880K, 29% used [0x00000000a0000000,0x00000000a10fb200,0x00000000a3980000)
 Metaspace       used 34584K, capacity 35340K, committed 35456K, reserved 1079296K
  class space    used 4748K, capacity 4957K, committed 4992K, reserved 1048576K
}
Event: 32.797 GC heap before
{Heap before GC invocations=13 (full 2):
 PSYoungGen      total 156672K, used 145920K [0x00000000e0000000, 0x00000000ea880000, 0x0000000100000000)
  eden space 145920K, 100% used [0x00000000e0000000,0x00000000e8e80000,0x00000000e8e80000)
  from space 10752K, 0% used [0x00000000e9e00000,0x00000000e9e00000,0x00000000ea880000)
  to   space 13312K, 0% used [0x00000000e8e80000,0x00000000e8e80000,0x00000000e9b80000)
 ParOldGen       total 58880K, used 17388K [0x00000000a0000000, 0x00000000a3980000, 0x00000000e0000000)
  object space 58880K, 29% used [0x00000000a0000000,0x00000000a10fb200,0x00000000a3980000)
 Metaspace       used 47939K, capacity 49216K, committed 49536K, reserved 1091584K
  class space    used 6420K, capacity 6749K, committed 6784K, reserved 1048576K
Event: 32.824 GC heap after
Heap after GC invocations=13 (full 2):
 PSYoungGen      total 159232K, used 13305K [0x00000000e0000000, 0x00000000ed300000, 0x0000000100000000)
  eden space 145920K, 0% used [0x00000000e0000000,0x00000000e0000000,0x00000000e8e80000)
  from space 13312K, 99% used [0x00000000e8e80000,0x00000000e9b7e4d8,0x00000000e9b80000)
  to   space 16896K, 0% used [0x00000000ec280000,0x00000000ec280000,0x00000000ed300000)
 ParOldGen       total 58880K, used 22187K [0x00000000a0000000, 0x00000000a3980000, 0x00000000e0000000)
  object space 58880K, 37% used [0x00000000a0000000,0x00000000a15aaf38,0x00000000a3980000)
 Metaspace       used 47939K, capacity 49216K, committed 49536K, reserved 1091584K
  class space    used 6420K, capacity 6749K, committed 6784K, reserved 1048576K
}
Event: 39.725 GC heap before
{Heap before GC invocations=14 (full 2):
 PSYoungGen      total 159232K, used 148066K [0x00000000e0000000, 0x00000000ed300000, 0x0000000100000000)
  eden space 145920K, 92% used [0x00000000e0000000,0x00000000e839a518,0x00000000e8e80000)
  from space 13312K, 99% used [0x00000000e8e80000,0x00000000e9b7e4d8,0x00000000e9b80000)
  to   space 16896K, 0% used [0x00000000ec280000,0x00000000ec280000,0x00000000ed300000)
 ParOldGen       total 58880K, used 22187K [0x00000000a0000000, 0x00000000a3980000, 0x00000000e0000000)
  object space 58880K, 37% used [0x00000000a0000000,0x00000000a15aaf38,0x00000000a3980000)
 Metaspace       used 57117K, capacity 58996K, committed 59096K, reserved 1099776K
  class space    used 7879K, capacity 8388K, committed 8448K, reserved 1048576K
Event: 39.765 GC heap after
Heap after GC invocations=14 (full 2):
 PSYoungGen      total 194048K, used 16877K [0x00000000e0000000, 0x00000000edc00000, 0x0000000100000000)
  eden space 177152K, 0% used [0x00000000e0000000,0x00000000e0000000,0x00000000ead00000)
  from space 16896K, 99% used [0x00000000ec280000,0x00000000ed2fb7d0,0x00000000ed300000)
  to   space 22016K, 0% used [0x00000000ead00000,0x00000000ead00000,0x00000000ec280000)
 ParOldGen       total 58880K, used 29023K [0x00000000a0000000, 0x00000000a3980000, 0x00000000e0000000)
  object space 58880K, 49% used [0x00000000a0000000,0x00000000a1c57c90,0x00000000a3980000)
 Metaspace       used 57117K, capacity 58996K, committed 59096K, reserved 1099776K
  class space    used 7879K, capacity 8388K, committed 8448K, reserved 1048576K
}
Event: 39.765 GC heap before
{Heap before GC invocations=15 (full 3):
 PSYoungGen      total 194048K, used 16877K [0x00000000e0000000, 0x00000000edc00000, 0x0000000100000000)
  eden space 177152K, 0% used [0x00000000e0000000,0x00000000e0000000,0x00000000ead00000)
  from space 16896K, 99% used [0x00000000ec280000,0x00000000ed2fb7d0,0x00000000ed300000)
  to   space 22016K, 0% used [0x00000000ead00000,0x00000000ead00000,0x00000000ec280000)
 ParOldGen       total 58880K, used 29023K [0x00000000a0000000, 0x00000000a3980000, 0x00000000e0000000)
  object space 58880K, 49% used [0x00000000a0000000,0x00000000a1c57c90,0x00000000a3980000)
 Metaspace       used 57117K, capacity 58996K, committed 59096K, reserved 1099776K
  class space    used 7879K, capacity 8388K, committed 8448K, reserved 1048576K
Event: 40.010 GC heap after
Heap after GC invocations=15 (full 3):
 PSYoungGen      total 194048K, used 0K [0x00000000e0000000, 0x00000000edc00000, 0x0000000100000000)
  eden space 177152K, 0% used [0x00000000e0000000,0x00000000e0000000,0x00000000ead00000)
  from space 16896K, 0% used [0x00000000ec280000,0x00000000ec280000,0x00000000ed300000)
  to   space 22016K, 0% used [0x00000000ead00000,0x00000000ead00000,0x00000000ec280000)
 ParOldGen       total 97280K, used 37634K [0x00000000a0000000, 0x00000000a5f00000, 0x00000000e0000000)
  object space 97280K, 38% used [0x00000000a0000000,0x00000000a24c0ab0,0x00000000a5f00000)
 Metaspace       used 57117K, capacity 58996K, committed 59096K, reserved 1099776K
  class space    used 7879K, capacity 8388K, committed 8448K, reserved 1048576K
}
Event: 55.725 GC heap before
{Heap before GC invocations=16 (full 3):
 PSYoungGen      total 194048K, used 177152K [0x00000000e0000000, 0x00000000edc00000, 0x0000000100000000)
  eden space 177152K, 100% used [0x00000000e0000000,0x00000000ead00000,0x00000000ead00000)
  from space 16896K, 0% used [0x00000000ec280000,0x00000000ec280000,0x00000000ed300000)
  to   space 22016K, 0% used [0x00000000ead00000,0x00000000ead00000,0x00000000ec280000)
 ParOldGen       total 97280K, used 37634K [0x00000000a0000000, 0x00000000a5f00000, 0x00000000e0000000)
  object space 97280K, 38% used [0x00000000a0000000,0x00000000a24c0ab0,0x00000000a5f00000)
 Metaspace       used 63211K, capacity 65510K, committed 65752K, reserved 1105920K
  class space    used 8655K, capacity 9163K, committed 9216K, reserved 1048576K
Event: 55.751 GC heap after
Heap after GC invocations=16 (full 3):
 PSYoungGen      total 199168K, used 17214K [0x00000000e0000000, 0x00000000efb00000, 0x0000000100000000)
  eden space 177152K, 0% used [0x00000000e0000000,0x00000000e0000000,0x00000000ead00000)
  from space 22016K, 78% used [0x00000000ead00000,0x00000000ebdcf818,0x00000000ec280000)
  to   space 24064K, 0% used [0x00000000ee380000,0x00000000ee380000,0x00000000efb00000)
 ParOldGen       total 97280K, used 37642K [0x00000000a0000000, 0x00000000a5f00000, 0x00000000e0000000)
  object space 97280K, 38% used [0x00000000a0000000,0x00000000a24c2ab0,0x00000000a5f00000)
 Metaspace       used 63211K, capacity 65510K, committed 65752K, reserved 1105920K
  class space    used 8655K, capacity 9163K, committed 9216K, reserved 1048576K
}

Deoptimization events (10 events):
Event: 65.606 Thread 0x0000000019cd9800 Uncommon trap: reason=class_check action=maybe_recompile pc=0x0000000002b892a0 method=java.lang.String.equals(Ljava/lang/Object;)Z @ 8
Event: 65.679 Thread 0x000000001d199800 Uncommon trap: reason=class_check action=maybe_recompile pc=0x000000000336e5f0 method=java.util.concurrent.locks.ReentrantLock.lock()V @ 4
Event: 65.680 Thread 0x0000000019cd9800 Uncommon trap: reason=bimorphic action=maybe_recompile pc=0x0000000003f46dcc method=java.util.HashMap.removeNode(ILjava/lang/Object;Ljava/lang/Object;ZZ)Ljava/util/HashMap$Node; @ 68
Event: 65.681 Thread 0x000000001d193800 Uncommon trap: reason=class_check action=maybe_recompile pc=0x000000000336e5f0 method=java.util.concurrent.locks.ReentrantLock.lock()V @ 4
Event: 65.683 Thread 0x0000000019cd9800 Uncommon trap: reason=bimorphic action=maybe_recompile pc=0x0000000003f46dcc method=java.util.HashMap.removeNode(ILjava/lang/Object;Ljava/lang/Object;ZZ)Ljava/util/HashMap$Node; @ 68
Event: 65.683 Thread 0x000000001d19b000 Uncommon trap: reason=class_check action=maybe_recompile pc=0x000000000336e5f0 method=java.util.concurrent.locks.ReentrantLock.lock()V @ 4
Event: 65.685 Thread 0x0000000019cd9800 Uncommon trap: reason=bimorphic action=maybe_recompile pc=0x0000000003f46dcc method=java.util.HashMap.removeNode(ILjava/lang/Object;Ljava/lang/Object;ZZ)Ljava/util/HashMap$Node; @ 68
Event: 65.685 Thread 0x000000001d19c800 Uncommon trap: reason=class_check action=maybe_recompile pc=0x000000000336e5f0 method=java.util.concurrent.locks.ReentrantLock.lock()V @ 4
Event: 65.688 Thread 0x0000000019cd9800 Uncommon trap: reason=bimorphic action=maybe_recompile pc=0x0000000003f46dcc method=java.util.HashMap.removeNode(ILjava/lang/Object;Ljava/lang/Object;ZZ)Ljava/util/HashMap$Node; @ 68
Event: 65.690 Thread 0x0000000019cd9800 Uncommon trap: reason=bimorphic action=maybe_recompile pc=0x0000000003e1b7e8 method=java.util.HashMap.removeNode(ILjava/lang/Object;Ljava/lang/Object;ZZ)Ljava/util/HashMap$Node; @ 68

Classes redefined (0 events):
No events

Internal exceptions (10 events):
Event: 64.241 Thread 0x000000001d19d800 Exception <a 'sun/nio/fs/WindowsException'> (0x00000000e70613d0) thrown at [D:\src\AOSP-openjdk-cygwin\jdk8u\hotspot\src\share\vm\prims\jni.cpp, line 710]
Event: 64.262 Thread 0x000000001d19d800 Exception <a 'sun/nio/fs/WindowsException'> (0x00000000e708c6b0) thrown at [D:\src\AOSP-openjdk-cygwin\jdk8u\hotspot\src\share\vm\prims\jni.cpp, line 710]
Event: 64.266 Thread 0x000000001d19d800 Exception <a 'sun/nio/fs/WindowsException'> (0x00000000e70949e8) thrown at [D:\src\AOSP-openjdk-cygwin\jdk8u\hotspot\src\share\vm\prims\jni.cpp, line 710]
Event: 64.294 Thread 0x000000001d19d800 Exception <a 'sun/nio/fs/WindowsException'> (0x00000000e709c688) thrown at [D:\src\AOSP-openjdk-cygwin\jdk8u\hotspot\src\share\vm\prims\jni.cpp, line 710]
Event: 64.778 Thread 0x000000001d19a800 Exception <a 'java/lang/NoSuchMethodError': <clinit>> (0x00000000e794a138) thrown at [D:\src\AOSP-openjdk-cygwin\jdk8u\hotspot\src\share\vm\prims\jni.cpp, line 1614]
Event: 64.779 Thread 0x000000001d19a800 Exception <a 'java/lang/NoSuchMethodError': <clinit>> (0x00000000e795e550) thrown at [D:\src\AOSP-openjdk-cygwin\jdk8u\hotspot\src\share\vm\prims\jni.cpp, line 1614]
Event: 65.341 Thread 0x000000001d19e000 Exception <a 'java/lang/OutOfMemoryError'> (0x00000000e7e42c70) thrown at [D:\src\AOSP-openjdk-cygwin\jdk8u\hotspot\src\share\vm\prims\unsafe.cpp, line 618]
Event: 65.371 Thread 0x0000000019cdc000 Exception <a 'java/lang/NoSuchMethodError': <clinit>> (0x00000000e85235f0) thrown at [D:\src\AOSP-openjdk-cygwin\jdk8u\hotspot\src\share\vm\prims\jni.cpp, line 1614]
Event: 65.372 Thread 0x0000000019cdc000 Exception <a 'java/lang/NoSuchMethodError': <clinit>> (0x00000000e8533620) thrown at [D:\src\AOSP-openjdk-cygwin\jdk8u\hotspot\src\share\vm\prims\jni.cpp, line 1614]
Event: 65.532 Thread 0x0000000019cd9800 Exception <a 'sun/nio/fs/WindowsException'> (0x00000000e8590f80) thrown at [D:\src\AOSP-openjdk-cygwin\jdk8u\hotspot\src\share\vm\prims\jni.cpp, line 710]

Events (10 events):
Event: 65.727 loading class org/gradle/workers/internal/WorkerDaemonClientsManager$StopSessionScopedWorkers$1
Event: 65.727 loading class org/gradle/workers/internal/WorkerDaemonClientsManager$StopSessionScopedWorkers$1 done
Event: 65.729 Executing VM operation: RevokeBias
Event: 65.730 Executing VM operation: RevokeBias done
Event: 65.730 Thread 0x0000000019dba800 Thread exited: 0x0000000019dba800
Event: 65.730 Executing VM operation: RevokeBias
Event: 65.730 Executing VM operation: RevokeBias done
Event: 65.730 Executing VM operation: RevokeBias
Event: 65.730 Executing VM operation: RevokeBias done
Event: 65.732 Thread 0x0000000016349800 flushing nmethod 0x00000000030ab1d0


Dynamic libraries:
0x00007ff7fe9d0000 - 0x00007ff7fea01000 	C:\Program Files\Android\Android Studio\jre\bin\java.exe
0x00007ffcd56f0000 - 0x00007ffcd58d1000 	C:\Windows\SYSTEM32\ntdll.dll
0x00007ffcd3190000 - 0x00007ffcd3241000 	C:\Windows\System32\KERNEL32.DLL
0x00007ffcd1c30000 - 0x00007ffcd1ea3000 	C:\Windows\System32\KERNELBASE.dll
0x00007ffcd3260000 - 0x00007ffcd3301000 	C:\Windows\System32\ADVAPI32.dll
0x00007ffcd2b80000 - 0x00007ffcd2c1e000 	C:\Windows\System32\msvcrt.dll
0x00007ffcd2c20000 - 0x00007ffcd2c7b000 	C:\Windows\System32\sechost.dll
0x00007ffcd5530000 - 0x00007ffcd5654000 	C:\Windows\System32\RPCRT4.dll
0x00007ffcd4ac0000 - 0x00007ffcd4c50000 	C:\Windows\System32\USER32.dll
0x00007ffcd1ac0000 - 0x00007ffcd1ae0000 	C:\Windows\System32\win32u.dll
0x00007ffcd2c80000 - 0x00007ffcd2ca8000 	C:\Windows\System32\GDI32.dll
0x00007ffcd21d0000 - 0x00007ffcd2361000 	C:\Windows\System32\gdi32full.dll
0x00007ffcd1ae0000 - 0x00007ffcd1b7f000 	C:\Windows\System32\msvcp_win.dll
0x00007ffcd2a80000 - 0x00007ffcd2b78000 	C:\Windows\System32\ucrtbase.dll
0x00007ffcc3990000 - 0x00007ffcc3bf9000 	C:\Windows\WinSxS\amd64_microsoft.windows.common-controls_6595b64144ccf1df_6.0.17134.885_none_fb42a3473065565f\COMCTL32.dll
0x00007ffcd4c80000 - 0x00007ffcd4fa2000 	C:\Windows\System32\combase.dll
0x00007ffcd1eb0000 - 0x00007ffcd1f29000 	C:\Windows\System32\bcryptPrimitives.dll
0x00007ffcd4c50000 - 0x00007ffcd4c7d000 	C:\Windows\System32\IMM32.DLL
0x0000000067610000 - 0x00000000676e2000 	C:\Program Files\Android\Android Studio\jre\jre\bin\msvcr100.dll
0x00000000677d0000 - 0x0000000068016000 	C:\Program Files\Android\Android Studio\jre\jre\bin\server\jvm.dll
0x00007ffcd5500000 - 0x00007ffcd5508000 	C:\Windows\System32\PSAPI.DLL
0x00007ffccfd40000 - 0x00007ffccfd63000 	C:\Windows\SYSTEM32\WINMM.dll
0x00007ffccd8c0000 - 0x00007ffccd8ca000 	C:\Windows\SYSTEM32\VERSION.dll
0x00007ffccfd10000 - 0x00007ffccfd3a000 	C:\Windows\SYSTEM32\winmmbase.dll
0x00007ffcce380000 - 0x00007ffcce389000 	C:\Windows\SYSTEM32\WSOCK32.dll
0x00007ffcd1f90000 - 0x00007ffcd1fd9000 	C:\Windows\System32\cfgmgr32.dll
0x00007ffcd3610000 - 0x00007ffcd367c000 	C:\Windows\System32\WS2_32.dll
0x00007ffcca480000 - 0x00007ffcca48f000 	C:\Program Files\Android\Android Studio\jre\jre\bin\verify.dll
0x00007ffcb6df0000 - 0x00007ffcb6e19000 	C:\Program Files\Android\Android Studio\jre\jre\bin\java.dll
0x00007ffcb6d70000 - 0x00007ffcb6d86000 	C:\Program Files\Android\Android Studio\jre\jre\bin\zip.dll
0x00007ffcd3680000 - 0x00007ffcd4ac0000 	C:\Windows\System32\SHELL32.dll
0x00007ffcd3400000 - 0x00007ffcd34a9000 	C:\Windows\System32\shcore.dll
0x00007ffcd2370000 - 0x00007ffcd2a7d000 	C:\Windows\System32\windows.storage.dll
0x00007ffcd4fb0000 - 0x00007ffcd5001000 	C:\Windows\System32\shlwapi.dll
0x00007ffcd1a50000 - 0x00007ffcd1a61000 	C:\Windows\System32\kernel.appcore.dll
0x00007ffcd1a30000 - 0x00007ffcd1a4f000 	C:\Windows\System32\profapi.dll
0x00007ffcd1a70000 - 0x00007ffcd1abc000 	C:\Windows\System32\powrprof.dll
0x00007ffcd1a20000 - 0x00007ffcd1a2a000 	C:\Windows\System32\FLTLIB.DLL
0x00007ffcb1f90000 - 0x00007ffcb1faa000 	C:\Program Files\Android\Android Studio\jre\jre\bin\net.dll
0x00007ffcc45d0000 - 0x00007ffcc4799000 	C:\Windows\SYSTEM32\urlmon.dll
0x00007ffcc47a0000 - 0x00007ffcc4a46000 	C:\Windows\SYSTEM32\iertutil.dll
0x00007ffcd1450000 - 0x00007ffcd145b000 	C:\Windows\SYSTEM32\CRYPTBASE.DLL
0x00007ffcd1280000 - 0x00007ffcd12e6000 	C:\Windows\system32\mswsock.dll
0x00007ffcaee00000 - 0x00007ffcaee13000 	C:\Program Files\Android\Android Studio\jre\jre\bin\nio.dll
0x00007ffcbd2d0000 - 0x00007ffcbd2f6000 	C:\Users\Harshita\.gradle\native\30\windows-amd64\native-platform.dll
0x00007ffcc8250000 - 0x00007ffcc825d000 	C:\Program Files\Android\Android Studio\jre\jre\bin\management.dll
0x00007ffcd1430000 - 0x00007ffcd1447000 	C:\Windows\SYSTEM32\CRYPTSP.dll
0x00007ffcd0e70000 - 0x00007ffcd0ea3000 	C:\Windows\system32\rsaenh.dll
0x00007ffcd1560000 - 0x00007ffcd1585000 	C:\Windows\SYSTEM32\bcrypt.dll
0x00007ffcd1930000 - 0x00007ffcd1958000 	C:\Windows\SYSTEM32\USERENV.dll
0x00007ffcd1010000 - 0x00007ffcd1048000 	C:\Windows\SYSTEM32\IPHLPAPI.DLL
0x00007ffcd3180000 - 0x00007ffcd3188000 	C:\Windows\System32\NSI.dll
0x00007ffccaf10000 - 0x00007ffccaf26000 	C:\Windows\SYSTEM32\dhcpcsvc6.DLL
0x00007ffccafc0000 - 0x00007ffccafda000 	C:\Windows\SYSTEM32\dhcpcsvc.DLL
0x00007ffca2e20000 - 0x00007ffca2e44000 	C:\Program Files\Android\Android Studio\jre\jre\bin\sunec.dll
0x00007ffcd1050000 - 0x00007ffcd110e000 	C:\Windows\SYSTEM32\DNSAPI.dll
0x00007ffcca6c0000 - 0x00007ffcca6ca000 	C:\Windows\System32\rasadhlp.dll
0x00007ffcc72b0000 - 0x00007ffcc7322000 	C:\Windows\System32\fwpuclnt.dll
0x00007ffcc7720000 - 0x00007ffcc772b000 	C:\Program Files\Android\Android Studio\jre\jre\bin\sunmscapi.dll
0x00007ffcd1fe0000 - 0x00007ffcd21c2000 	C:\Windows\System32\CRYPT32.dll
0x00007ffcd1a00000 - 0x00007ffcd1a12000 	C:\Windows\System32\MSASN1.dll

VM Arguments:
jvm_args: -Xmx1536m -Dfile.encoding=windows-1252 -Duser.country=IN -Duser.language=en -Duser.variant 
java_command: org.gradle.launcher.daemon.bootstrap.GradleDaemon 5.6.4
java_class_path (initial): C:\Users\Harshita\.gradle\wrapper\dists\gradle-5.6.4-all\ankdp27end7byghfw1q2sw75f\gradle-5.6.4\lib\gradle-launcher-5.6.4.jar
Launcher Type: SUN_STANDARD

Environment Variables:
PATH="C:\Windows\System32;";"C:\Program Files\Git\cmd;";"C:\Program Files\Java\jdk1.8.0_161\bin;";"C:\src\flutter\bin;";"C:\Windows\System32;";"C:\Program Files\Git\cmd;";"C:\Program Files\Java\jdk1.8.0_161\bin;";"C:\src\flutter\bin;";
USERNAME=Harshita
OS=Windows_NT
PROCESSOR_IDENTIFIER=AMD64 Family 23 Model 17 Stepping 0, AuthenticAMD



---------------  S Y S T E M  ---------------

OS: Windows 10.0 , 64 bit Build 17134 (10.0.17134.753)

CPU:total 4 (initial active 4) (4 cores per cpu, 1 threads per core) family 23 model 17 stepping 0, cmov, cx8, fxsr, mmx, sse, sse2, sse3, ssse3, sse4.1, sse4.2, popcnt, avx, avx2, aes, clmul, mmxext, 3dnowpref, lzcnt, sse4a, tsc, tscinvbit, tscinv, bmi1

Memory: 4k page, physical 3821944k(260564k free), swap 15356280k(0k free)

vm_info: OpenJDK 64-Bit Server VM (25.212-b04) for windows-amd64 JRE (1.8.0_212-release-1586-b04), built by "builder" with MS VC++ 10.0 (VS2010)

time: Fri Apr 24 15:22:01 2020
timezone: India Standard Time
elapsed time: 66 seconds (0d 0h 1m 6s)

